2019-05-04 21:47:45,874 INFO: Microblog startup [in /home/lenovo/PycharmProjects/microblog/app/__init__.py:28]
2019-05-04 21:47:56,278 INFO: Microblog startup [in /home/lenovo/PycharmProjects/microblog/app/__init__.py:28]
2019-05-04 21:57:43,242 INFO: Microblog startup [in /home/lenovo/PycharmProjects/microblog/app/__init__.py:28]
2019-05-04 21:57:54,780 ERROR: Exception on /login [POST] [in /home/lenovo/.local/lib/python3.6/site-packages/flask/app.py:1761]
Traceback (most recent call last):
  File "/home/lenovo/.local/lib/python3.6/site-packages/flask/app.py", line 2292, in wsgi_app
    response = self.full_dispatch_request()
  File "/home/lenovo/.local/lib/python3.6/site-packages/flask/app.py", line 1815, in full_dispatch_request
    rv = self.handle_user_exception(e)
  File "/home/lenovo/.local/lib/python3.6/site-packages/flask/app.py", line 1718, in handle_user_exception
    reraise(exc_type, exc_value, tb)
  File "/home/lenovo/.local/lib/python3.6/site-packages/flask/_compat.py", line 35, in reraise
    raise value
  File "/home/lenovo/.local/lib/python3.6/site-packages/flask/app.py", line 1813, in full_dispatch_request
    rv = self.dispatch_request()
  File "/home/lenovo/.local/lib/python3.6/site-packages/flask/app.py", line 1799, in dispatch_request
    return self.view_functions[rule.endpoint](**req.view_args)
  File "/home/lenovo/PycharmProjects/microblog/app/routes.py", line 31, in login
    user = User.query.filter_by(username=form.username.data).first()
  File "/usr/local/lib/python3.6/dist-packages/flask_sqlalchemy/__init__.py", line 517, in __get__
    mapper = orm.class_mapper(type)
  File "/usr/local/lib/python3.6/dist-packages/sqlalchemy/orm/base.py", line 441, in class_mapper
    mapper = _inspect_mapped_class(class_, configure=configure)
  File "/usr/local/lib/python3.6/dist-packages/sqlalchemy/orm/base.py", line 420, in _inspect_mapped_class
    mapper._configure_all()
  File "/usr/local/lib/python3.6/dist-packages/sqlalchemy/orm/mapper.py", line 1337, in _configure_all
    configure_mappers()
  File "/usr/local/lib/python3.6/dist-packages/sqlalchemy/orm/mapper.py", line 3229, in configure_mappers
    mapper._post_configure_properties()
  File "/usr/local/lib/python3.6/dist-packages/sqlalchemy/orm/mapper.py", line 1947, in _post_configure_properties
    prop.init()
  File "/usr/local/lib/python3.6/dist-packages/sqlalchemy/orm/interfaces.py", line 196, in init
    self.do_init()
  File "/usr/local/lib/python3.6/dist-packages/sqlalchemy/orm/relationships.py", line 1861, in do_init
    self._setup_join_conditions()
  File "/usr/local/lib/python3.6/dist-packages/sqlalchemy/orm/relationships.py", line 1941, in _setup_join_conditions
    can_be_synced_fn=self._columns_are_mapped,
  File "/usr/local/lib/python3.6/dist-packages/sqlalchemy/orm/relationships.py", line 2246, in __init__
    self._determine_joins()
  File "/usr/local/lib/python3.6/dist-packages/sqlalchemy/orm/relationships.py", line 2330, in _determine_joins
    "no secondary argument" % self.prop
sqlalchemy.exc.ArgumentError: Property User.followed specified with secondary join condition but no secondary argument
2019-05-04 21:59:49,214 INFO: Microblog startup [in /home/lenovo/PycharmProjects/microblog/app/__init__.py:28]
2019-05-04 22:00:14,617 INFO: Microblog startup [in /home/lenovo/PycharmProjects/microblog/app/__init__.py:28]
2019-05-05 00:09:52,696 INFO: Microblog startup [in /home/lenovo/PycharmProjects/microblog/app/__init__.py:28]
2019-05-05 00:09:58,040 INFO: Microblog startup [in /home/lenovo/PycharmProjects/microblog/app/__init__.py:28]
2019-05-05 01:47:20,110 INFO: Microblog startup [in /home/lenovo/PycharmProjects/microblog/app/__init__.py:28]
2019-05-05 15:14:06,131 INFO: Microblog startup [in /home/lenovo/PycharmProjects/microblog/app/__init__.py:28]
2019-05-05 21:00:32,948 INFO: Microblog startup [in /home/lenovo/PycharmProjects/microblog/app/__init__.py:32]
2019-05-05 21:00:51,566 INFO: Microblog startup [in /home/lenovo/PycharmProjects/microblog/app/__init__.py:32]
2019-05-05 22:00:09,108 INFO: Microblog startup [in /home/lenovo/PycharmProjects/microblog/app/__init__.py:32]
2019-05-05 22:17:25,692 INFO: Microblog startup [in /home/lenovo/PycharmProjects/microblog/app/__init__.py:32]
2019-05-05 22:17:29,160 INFO: Microblog startup [in /home/lenovo/PycharmProjects/microblog/app/__init__.py:32]
